2018-Oct-05 23:58:42.933804 INFO [daemon] fedoragold v1.1.1.1()
2018-Oct-05 23:58:42.933934 INFO [daemon] Module folder: ./fedoragold_daemon
2018-Oct-05 23:58:42.934682 INFO [daemon] Initializing p2p server...
2018-Oct-05 23:58:42.934875 INFO [node_server] Binding on 0.0.0.0:30158
2018-Oct-05 23:58:42.934957 INFO [node_server] Net service binded on 0.0.0.0:30158
2018-Oct-05 23:58:42.935001 INFO [node_server] Attempting to add IGD port mapping.
2018-Oct-05 23:58:46.942704 INFO [node_server] No IGD was found.
2018-Oct-05 23:58:46.942794 INFO [daemon] P2p server initialized OK
2018-Oct-05 23:58:46.942857 INFO [daemon] Initializing core...
2018-Oct-05 23:58:46.944320 INFO [Blockchain] Loading blockchain...
2018-Oct-05 23:58:46.944397 INFO [BlockCacheSerializer] - loading block index...
2018-Oct-05 23:58:46.954594 INFO [BlockCacheSerializer] - loading transaction map...
2018-Oct-05 23:58:46.965026 INFO [BlockCacheSerializer] - loading spent keys...
2018-Oct-05 23:58:46.995654 INFO [BlockCacheSerializer] - loading outputs...
2018-Oct-05 23:58:47.034585 INFO [BlockCacheSerializer] - loading multi-signature outputs...
2018-Oct-05 23:58:47.034669 INFO [BlockCacheSerializer] Serialization time: 90ms
2018-Oct-05 23:58:47.034709 INFO [Blockchain] Loading blockchain indices for BlockchainExplorer...
2018-Oct-05 23:58:47.034827 INFO [BlockchainIndicesSerializer] - loading paymentID index...
2018-Oct-05 23:58:47.034903 INFO [BlockchainIndicesSerializer] - loading timestamp index...
2018-Oct-05 23:58:47.051200 INFO [BlockchainIndicesSerializer] - loading generated transactions index...
2018-Oct-05 23:58:47.060605 INFO [Blockchain] Blockchain initialized. last block: 45929, d0.h0.m2.s9 time ago, current difficulty: 120336510
2018-Oct-05 23:58:47.060692 INFO [daemon] Core initialized OK
2018-Oct-05 23:58:47.060792 INFO [daemon] Starting core rpc server on address 127.0.0.1:30159
2018-Oct-05 23:58:47.060876 INFO [daemon] Core rpc server started ok
2018-Oct-05 23:58:47.060919 INFO [daemon] Starting p2p net loop...
2018-Oct-05 23:58:47.060977 INFO [node_server] Starting node_server
2018-Oct-05 23:58:47.061024 INFO [node_server]   acceptLoop started...
2018-Oct-05 23:58:47.061089 INFO [node_server]   onIdle started...
2018-Oct-05 23:58:47.061127 INFO [node_server]   timedSyncLoop started...
2018-Oct-05 23:58:47.061165 INFO [node_server]   timeoutLoop started...
2018-Oct-05 23:58:47.572439 INFO [protocol] [47.75.139.214:30158 OUT] Sync data returned unknown top block: 45929 -> 45950 [21 blocks (0 days) behind] 
2018-Oct-05 23:58:47.572439 INFO [protocol] SYNCHRONIZATION started
2018-Oct-05 23:58:48.415638 INFO [protocol] [35.154.79.106:30158 OUT] Sync data returned unknown top block: 45934 -> 45950 [16 blocks (0 days) behind] 
2018-Oct-05 23:58:48.415638 INFO [protocol] SYNCHRONIZATION started
2018-Oct-05 23:58:48.735295 INFO [protocol] [54.212.113.134:30158 OUT] Sync data returned unknown top block: 45948 -> 45950 [2 blocks (0 days) behind] 
2018-Oct-05 23:58:48.735295 INFO [protocol] SYNCHRONIZATION started
2018-Oct-05 23:58:48.758057 INFO [protocol] [47.75.139.214:30158 OUT] SYNCHRONIZED OK
2018-Oct-05 23:58:48.758126 INFO [protocol] 
2018-Oct-05 23:58:48.758126 INFO [protocol] **********************************************************************
2018-Oct-05 23:58:48.758126 INFO [protocol] You are now synchronized with the network. You may now start simplewallet.
2018-Oct-05 23:58:48.758126 INFO [protocol] 
2018-Oct-05 23:58:48.758126 INFO [protocol] Please note, that the blockchain will be saved only after you quit the daemon with "exit" command or if you use "save" command.
2018-Oct-05 23:58:48.758126 INFO [protocol] Otherwise, you will possibly need to synchronize the blockchain again.
2018-Oct-05 23:58:48.758126 INFO [protocol] 
2018-Oct-05 23:58:48.758126 INFO [protocol] Use "help" command to see the list of available commands.
2018-Oct-05 23:58:48.758126 INFO [protocol] **********************************************************************
2018-Oct-05 23:58:48.827018 INFO [protocol] [54.212.113.134:30158 OUT] SYNCHRONIZED OK
2018-Oct-05 23:58:48.967397 INFO [protocol] [35.154.79.106:30158 OUT] SYNCHRONIZED OK
2018-Oct-05 23:59:24.424912 INFO [core] 
2018-Oct-05 23:59:24.424912 INFO [core] **********************************************************************
2018-Oct-05 23:59:24.424912 INFO [core] The daemon will start synchronizing with the network. It may take up to several hours.
2018-Oct-05 23:59:24.424912 INFO [core] 
2018-Oct-05 23:59:24.424912 INFO [core] You can set the level of process detailization* through "set_log <level>" command*, where <level> is between 0 (no details) and 4 (very verbose).
2018-Oct-05 23:59:24.424912 INFO [core] 
2018-Oct-05 23:59:24.424912 INFO [core] Use "help" command to see the list of available commands.
2018-Oct-05 23:59:24.424912 INFO [core] 
2018-Oct-05 23:59:24.424912 INFO [core] Note: in case you need to interrupt the process, use "exit" command. Otherwise, the current progress won't be saved.
2018-Oct-05 23:59:24.424912 INFO [core] **********************************************************************
2018-Oct-05 23:59:27.894337 WARNING [HttpServer] Connection error: Height: 0
2018-Oct-05 23:59:37.514864 WARNING [HttpServer] Connection error: Height: 0
2018-Oct-06 01:08:17.250729 INFO [node_server] Stop signal sent
2018-Oct-06 01:08:17.250841 INFO [node_server] Stopping NodeServer and it's8 connections...
2018-Oct-06 01:08:17.251532 INFO [node_server] NodeServer loop stopped
2018-Oct-06 01:08:17.251587 INFO [daemon] p2p net loop stopped
2018-Oct-06 01:08:17.251622 INFO [daemon] Stopping core rpc server...
2018-Oct-06 01:08:17.251670 INFO [daemon] Deinitializing core...
2018-Oct-06 01:08:17.251704 INFO [miner] Mining has been stopped, 0 finished
2018-Oct-06 01:08:17.251920 INFO [Blockchain] Saving blockchain...
2018-Oct-06 01:08:17.253627 INFO [BlockCacheSerializer] - saving block index...
2018-Oct-06 01:08:17.256857 INFO [BlockCacheSerializer] - saving transaction map...
2018-Oct-06 01:08:17.263882 INFO [BlockCacheSerializer] - saving spent keys...
2018-Oct-06 01:08:17.272351 INFO [BlockCacheSerializer] - saving outputs...
2018-Oct-06 01:08:17.281413 INFO [BlockCacheSerializer] - saving multi-signature outputs...
2018-Oct-06 01:08:17.281486 INFO [BlockCacheSerializer] Serialization time: 27ms
2018-Oct-06 01:08:17.287081 INFO [Blockchain] Saving blockchain indices...
2018-Oct-06 01:08:17.287479 INFO [BlockchainIndicesSerializer] - saving paymentID index...
2018-Oct-06 01:08:17.287545 INFO [BlockchainIndicesSerializer] - saving timestamp index...
2018-Oct-06 01:08:17.300638 INFO [BlockchainIndicesSerializer] - saving generated transactions index...
2018-Oct-06 01:08:17.308321 INFO [daemon] Deinitializing p2p...
2018-Oct-06 01:08:17.308610 INFO [miner] Mining has been stopped, 0 finished
2018-Oct-06 01:08:17.317729 INFO [daemon] Node stopped.
2018-Oct-06 01:17:04.125213 INFO [daemon] fedoragold v1.1.1.1()
2018-Oct-06 01:17:04.125331 INFO [daemon] Module folder: ./fedoragold_daemon
2018-Oct-06 01:17:04.126047 INFO [daemon] Initializing p2p server...
2018-Oct-06 01:17:04.126269 INFO [node_server] Binding on 0.0.0.0:30158
2018-Oct-06 01:17:04.126332 INFO [node_server] Net service binded on 0.0.0.0:30158
2018-Oct-06 01:17:04.126421 INFO [node_server] Attempting to add IGD port mapping.
2018-Oct-06 01:17:08.132162 INFO [node_server] No IGD was found.
2018-Oct-06 01:17:08.132301 INFO [daemon] P2p server initialized OK
2018-Oct-06 01:17:08.132346 INFO [daemon] Initializing core...
2018-Oct-06 01:17:08.134861 INFO [Blockchain] Loading blockchain...
2018-Oct-06 01:17:08.135011 INFO [BlockCacheSerializer] - loading block index...
2018-Oct-06 01:17:08.146680 INFO [BlockCacheSerializer] - loading transaction map...
2018-Oct-06 01:17:08.157758 INFO [BlockCacheSerializer] - loading spent keys...
2018-Oct-06 01:17:08.188819 INFO [BlockCacheSerializer] - loading outputs...
2018-Oct-06 01:17:08.233884 INFO [BlockCacheSerializer] - loading multi-signature outputs...
2018-Oct-06 01:17:08.233977 INFO [BlockCacheSerializer] Serialization time: 98ms
2018-Oct-06 01:17:08.234021 INFO [Blockchain] Loading blockchain indices for BlockchainExplorer...
2018-Oct-06 01:17:08.234148 INFO [BlockchainIndicesSerializer] - loading paymentID index...
2018-Oct-06 01:17:08.234234 INFO [BlockchainIndicesSerializer] - loading timestamp index...
2018-Oct-06 01:17:08.247813 INFO [BlockchainIndicesSerializer] - loading generated transactions index...
2018-Oct-06 01:17:08.257018 INFO [Blockchain] Blockchain initialized. last block: 45958, d0.h1.m5.s25 time ago, current difficulty: 115999420
2018-Oct-06 01:17:08.257104 INFO [daemon] Core initialized OK
2018-Oct-06 01:17:08.257205 INFO [daemon] Starting core rpc server on address 127.0.0.1:30159
2018-Oct-06 01:17:08.257346 INFO [daemon] Core rpc server started ok
2018-Oct-06 01:17:08.257388 INFO [daemon] Starting p2p net loop...
2018-Oct-06 01:17:08.257509 INFO [node_server] Starting node_server
2018-Oct-06 01:17:08.257714 INFO [node_server]   acceptLoop started...
2018-Oct-06 01:17:08.257804 INFO [node_server]   onIdle started...
2018-Oct-06 01:17:08.257986 INFO [node_server]   timedSyncLoop started...
2018-Oct-06 01:17:08.258027 INFO [node_server]   timeoutLoop started...
2018-Oct-06 01:17:08.740654 INFO [protocol] [47.75.139.214:30158 OUT] Sync data returned unknown top block: 45958 -> 46098 [140 blocks (0 days) behind] 
2018-Oct-06 01:17:08.740654 INFO [protocol] SYNCHRONIZATION started
2018-Oct-06 01:17:08.928336 INFO [protocol] [35.225.160.150:30158 OUT] Sync data returned unknown top block: 45958 -> 46098 [140 blocks (0 days) behind] 
2018-Oct-06 01:17:08.928336 INFO [protocol] SYNCHRONIZATION started
2018-Oct-06 01:17:09.039452 INFO [protocol] [54.212.113.134:30158 OUT] Sync data returned unknown top block: 45958 -> 46098 [140 blocks (0 days) behind] 
2018-Oct-06 01:17:09.039452 INFO [protocol] SYNCHRONIZATION started
2018-Oct-06 01:17:09.277928 INFO [protocol] [34.228.30.249:30158 OUT] Sync data returned unknown top block: 45958 -> 46098 [140 blocks (0 days) behind] 
2018-Oct-06 01:17:09.277928 INFO [protocol] SYNCHRONIZATION started
2018-Oct-06 01:17:10.236677 INFO [protocol] [35.154.79.106:30158 OUT] Sync data returned unknown top block: 45994 -> 46098 [104 blocks (0 days) behind] 
2018-Oct-06 01:17:10.236677 INFO [protocol] SYNCHRONIZATION started
2018-Oct-06 01:17:12.637989 INFO [protocol] [54.212.113.134:30158 OUT] SYNCHRONIZED OK
2018-Oct-06 01:17:12.638062 INFO [protocol] 
2018-Oct-06 01:17:12.638062 INFO [protocol] **********************************************************************
2018-Oct-06 01:17:12.638062 INFO [protocol] You are now synchronized with the network. You may now start simplewallet.
2018-Oct-06 01:17:12.638062 INFO [protocol] 
2018-Oct-06 01:17:12.638062 INFO [protocol] Please note, that the blockchain will be saved only after you quit the daemon with "exit" command or if you use "save" command.
2018-Oct-06 01:17:12.638062 INFO [protocol] Otherwise, you will possibly need to synchronize the blockchain again.
2018-Oct-06 01:17:12.638062 INFO [protocol] 
2018-Oct-06 01:17:12.638062 INFO [protocol] Use "help" command to see the list of available commands.
2018-Oct-06 01:17:12.638062 INFO [protocol] **********************************************************************
2018-Oct-06 01:17:17.945480 WARNING [HttpServer] Connection error: Height: 0
2018-Oct-06 01:17:41.399976 WARNING [HttpServer] Connection error: Height: 0
2018-Oct-06 01:18:10.496083 INFO [core] 
2018-Oct-06 01:18:10.496083 INFO [core] **********************************************************************
2018-Oct-06 01:18:10.496083 INFO [core] The daemon will start synchronizing with the network. It may take up to several hours.
2018-Oct-06 01:18:10.496083 INFO [core] 
2018-Oct-06 01:18:10.496083 INFO [core] You can set the level of process detailization* through "set_log <level>" command*, where <level> is between 0 (no details) and 4 (very verbose).
2018-Oct-06 01:18:10.496083 INFO [core] 
2018-Oct-06 01:18:10.496083 INFO [core] Use "help" command to see the list of available commands.
2018-Oct-06 01:18:10.496083 INFO [core] 
2018-Oct-06 01:18:10.496083 INFO [core] Note: in case you need to interrupt the process, use "exit" command. Otherwise, the current progress won't be saved.
2018-Oct-06 01:18:10.496083 INFO [core] **********************************************************************
2018-Oct-06 01:18:15.047938 WARNING [HttpServer] Connection error: Height: 0
2018-Oct-06 01:23:17.778723 INFO [node_server] Stop signal sent
2018-Oct-06 01:23:17.778757 INFO [node_server] Stopping NodeServer and it's8 connections...
2018-Oct-06 01:23:17.779907 INFO [node_server] NodeServer loop stopped
2018-Oct-06 01:23:17.779978 INFO [daemon] p2p net loop stopped
2018-Oct-06 01:23:17.780017 INFO [daemon] Stopping core rpc server...
2018-Oct-06 01:23:17.780098 INFO [daemon] Deinitializing core...
2018-Oct-06 01:23:17.780138 INFO [miner] Mining has been stopped, 0 finished
2018-Oct-06 01:23:17.780374 INFO [Blockchain] Saving blockchain...
2018-Oct-06 01:23:17.780533 INFO [BlockCacheSerializer] - saving block index...
2018-Oct-06 01:23:17.783718 INFO [BlockCacheSerializer] - saving transaction map...
2018-Oct-06 01:23:17.793116 INFO [BlockCacheSerializer] - saving spent keys...
2018-Oct-06 01:23:17.802065 INFO [BlockCacheSerializer] - saving outputs...
2018-Oct-06 01:23:17.812132 INFO [BlockCacheSerializer] - saving multi-signature outputs...
2018-Oct-06 01:23:17.812203 INFO [BlockCacheSerializer] Serialization time: 31ms
2018-Oct-06 01:23:17.816159 INFO [Blockchain] Saving blockchain indices...
2018-Oct-06 01:23:17.821646 INFO [BlockchainIndicesSerializer] - saving paymentID index...
2018-Oct-06 01:23:17.821865 INFO [BlockchainIndicesSerializer] - saving timestamp index...
2018-Oct-06 01:23:17.844863 INFO [BlockchainIndicesSerializer] - saving generated transactions index...
2018-Oct-06 01:23:17.850583 INFO [daemon] Deinitializing p2p...
2018-Oct-06 01:23:17.852333 INFO [miner] Mining has been stopped, 0 finished
2018-Oct-06 01:23:17.867913 INFO [daemon] Node stopped.
2018-Oct-06 01:30:43.028688 INFO [daemon] fedoragold v1.1.1.1()
2018-Oct-06 01:30:43.028820 INFO [daemon] Module folder: ./fedoragold_daemon
2018-Oct-06 01:30:43.029511 INFO [daemon] Initializing p2p server...
2018-Oct-06 01:30:43.029768 INFO [node_server] Binding on 0.0.0.0:30158
2018-Oct-06 01:30:43.029838 INFO [node_server] Net service binded on 0.0.0.0:30158
2018-Oct-06 01:30:43.029874 INFO [node_server] Attempting to add IGD port mapping.
2018-Oct-06 01:30:47.039646 INFO [node_server] No IGD was found.
2018-Oct-06 01:30:47.039814 INFO [daemon] P2p server initialized OK
2018-Oct-06 01:30:47.039886 INFO [daemon] Initializing core...
2018-Oct-06 01:30:47.042974 INFO [Blockchain] Loading blockchain...
2018-Oct-06 01:30:47.043098 INFO [BlockCacheSerializer] - loading block index...
2018-Oct-06 01:30:47.055784 INFO [BlockCacheSerializer] - loading transaction map...
2018-Oct-06 01:30:47.068505 INFO [BlockCacheSerializer] - loading spent keys...
2018-Oct-06 01:30:47.097774 INFO [BlockCacheSerializer] - loading outputs...
2018-Oct-06 01:30:47.137789 INFO [BlockCacheSerializer] - loading multi-signature outputs...
2018-Oct-06 01:30:47.137888 INFO [BlockCacheSerializer] Serialization time: 94ms
2018-Oct-06 01:30:47.137991 INFO [Blockchain] Loading blockchain indices for BlockchainExplorer...
2018-Oct-06 01:30:47.138066 INFO [BlockchainIndicesSerializer] - loading paymentID index...
2018-Oct-06 01:30:47.138102 INFO [BlockchainIndicesSerializer] - loading timestamp index...
2018-Oct-06 01:30:47.152337 INFO [BlockchainIndicesSerializer] - loading generated transactions index...
2018-Oct-06 01:30:47.161699 INFO [Blockchain] Blockchain initialized. last block: 46104, d0.h0.m8.s35 time ago, current difficulty: 68402382
2018-Oct-06 01:30:47.161831 INFO [daemon] Core initialized OK
2018-Oct-06 01:30:47.161948 INFO [daemon] Starting core rpc server on address 127.0.0.1:30159
2018-Oct-06 01:30:47.162051 INFO [daemon] Core rpc server started ok
2018-Oct-06 01:30:47.162116 INFO [daemon] Starting p2p net loop...
2018-Oct-06 01:30:47.162151 INFO [node_server] Starting node_server
2018-Oct-06 01:30:47.162194 INFO [node_server]   acceptLoop started...
2018-Oct-06 01:30:47.162320 INFO [node_server]   onIdle started...
2018-Oct-06 01:30:47.162403 INFO [node_server]   timedSyncLoop started...
2018-Oct-06 01:30:47.162449 INFO [node_server]   timeoutLoop started...
2018-Oct-06 01:30:47.427459 INFO [protocol] [34.228.30.249:30158 OUT] Sync data returned unknown top block: 46104 -> 46129 [25 blocks (0 days) behind] 
2018-Oct-06 01:30:47.427459 INFO [protocol] SYNCHRONIZATION started
2018-Oct-06 01:30:47.933330 INFO [protocol] [213.32.95.66:30158 OUT] Sync data returned unknown top block: 46114 -> 46129 [15 blocks (0 days) behind] 
2018-Oct-06 01:30:47.933330 INFO [protocol] SYNCHRONIZATION started
2018-Oct-06 01:30:48.220145 INFO [protocol] [34.228.30.249:30158 OUT] SYNCHRONIZED OK
2018-Oct-06 01:30:48.220228 INFO [protocol] 
2018-Oct-06 01:30:48.220228 INFO [protocol] **********************************************************************
2018-Oct-06 01:30:48.220228 INFO [protocol] You are now synchronized with the network. You may now start simplewallet.
2018-Oct-06 01:30:48.220228 INFO [protocol] 
2018-Oct-06 01:30:48.220228 INFO [protocol] Please note, that the blockchain will be saved only after you quit the daemon with "exit" command or if you use "save" command.
2018-Oct-06 01:30:48.220228 INFO [protocol] Otherwise, you will possibly need to synchronize the blockchain again.
2018-Oct-06 01:30:48.220228 INFO [protocol] 
2018-Oct-06 01:30:48.220228 INFO [protocol] Use "help" command to see the list of available commands.
2018-Oct-06 01:30:48.220228 INFO [protocol] **********************************************************************
2018-Oct-06 01:30:48.288981 INFO [protocol] [213.32.95.66:30158 OUT] SYNCHRONIZED OK
2018-Oct-06 01:31:34.814007 INFO [core] 
2018-Oct-06 01:31:34.814007 INFO [core] **********************************************************************
2018-Oct-06 01:31:34.814007 INFO [core] The daemon will start synchronizing with the network. It may take up to several hours.
2018-Oct-06 01:31:34.814007 INFO [core] 
2018-Oct-06 01:31:34.814007 INFO [core] You can set the level of process detailization* through "set_log <level>" command*, where <level> is between 0 (no details) and 4 (very verbose).
2018-Oct-06 01:31:34.814007 INFO [core] 
2018-Oct-06 01:31:34.814007 INFO [core] Use "help" command to see the list of available commands.
2018-Oct-06 01:31:34.814007 INFO [core] 
2018-Oct-06 01:31:34.814007 INFO [core] Note: in case you need to interrupt the process, use "exit" command. Otherwise, the current progress won't be saved.
2018-Oct-06 01:31:34.814007 INFO [core] **********************************************************************
2018-Oct-06 01:44:52.092166 INFO [node_server] Stop signal sent
2018-Oct-06 01:44:52.092217 INFO [node_server] Stopping NodeServer and it's8 connections...
2018-Oct-06 01:44:52.093013 INFO [node_server] NodeServer loop stopped
2018-Oct-06 01:44:52.093102 INFO [daemon] p2p net loop stopped
2018-Oct-06 01:44:52.093167 INFO [daemon] Stopping core rpc server...
2018-Oct-06 01:44:52.093226 INFO [daemon] Deinitializing core...
2018-Oct-06 01:44:52.093283 INFO [miner] Mining has been stopped, 0 finished
2018-Oct-06 01:44:52.093447 INFO [Blockchain] Saving blockchain...
2018-Oct-06 01:44:52.095334 INFO [BlockCacheSerializer] - saving block index...
2018-Oct-06 01:44:52.098227 INFO [BlockCacheSerializer] - saving transaction map...
2018-Oct-06 01:44:52.105994 INFO [BlockCacheSerializer] - saving spent keys...
2018-Oct-06 01:44:52.114433 INFO [BlockCacheSerializer] - saving outputs...
2018-Oct-06 01:44:52.123283 INFO [BlockCacheSerializer] - saving multi-signature outputs...
2018-Oct-06 01:44:52.123374 INFO [BlockCacheSerializer] Serialization time: 28ms
2018-Oct-06 01:44:52.127710 INFO [Blockchain] Saving blockchain indices...
2018-Oct-06 01:44:52.128790 INFO [BlockchainIndicesSerializer] - saving paymentID index...
2018-Oct-06 01:44:52.128841 INFO [BlockchainIndicesSerializer] - saving timestamp index...
2018-Oct-06 01:44:52.157163 INFO [BlockchainIndicesSerializer] - saving generated transactions index...
2018-Oct-06 01:44:52.163346 INFO [daemon] Deinitializing p2p...
2018-Oct-06 01:44:52.166595 INFO [miner] Mining has been stopped, 0 finished
2018-Oct-06 01:44:52.179408 INFO [daemon] Node stopped.
2018-Oct-06 02:06:59.069077 INFO [daemon] fedoragold v1.1.1.1()
2018-Oct-06 02:06:59.069295 INFO [daemon] Module folder: ./fedoragold_daemon
2018-Oct-06 02:06:59.069903 INFO [daemon] Initializing p2p server...
2018-Oct-06 02:06:59.070070 INFO [node_server] Binding on 0.0.0.0:30158
2018-Oct-06 02:06:59.070130 INFO [node_server] Net service binded on 0.0.0.0:30158
2018-Oct-06 02:06:59.070161 INFO [node_server] Attempting to add IGD port mapping.
2018-Oct-06 02:07:03.075831 INFO [node_server] No IGD was found.
2018-Oct-06 02:07:03.075925 INFO [daemon] P2p server initialized OK
2018-Oct-06 02:07:03.075957 INFO [daemon] Initializing core...
2018-Oct-06 02:07:03.077496 INFO [Blockchain] Loading blockchain...
2018-Oct-06 02:07:03.077579 INFO [BlockCacheSerializer] - loading block index...
2018-Oct-06 02:07:03.089182 INFO [BlockCacheSerializer] - loading transaction map...
2018-Oct-06 02:07:03.104337 INFO [BlockCacheSerializer] - loading spent keys...
2018-Oct-06 02:07:03.134473 INFO [BlockCacheSerializer] - loading outputs...
2018-Oct-06 02:07:03.182539 INFO [BlockCacheSerializer] - loading multi-signature outputs...
2018-Oct-06 02:07:03.182776 INFO [BlockCacheSerializer] Serialization time: 105ms
2018-Oct-06 02:07:03.182935 INFO [Blockchain] Loading blockchain indices for BlockchainExplorer...
2018-Oct-06 02:07:03.183194 INFO [BlockchainIndicesSerializer] - loading paymentID index...
2018-Oct-06 02:07:03.183416 INFO [BlockchainIndicesSerializer] - loading timestamp index...
2018-Oct-06 02:07:03.201416 INFO [BlockchainIndicesSerializer] - loading generated transactions index...
2018-Oct-06 02:07:03.214454 INFO [Blockchain] Blockchain initialized. last block: 46151, d0.h0.m23.s13 time ago, current difficulty: 74940846
2018-Oct-06 02:07:03.214730 INFO [daemon] Core initialized OK
2018-Oct-06 02:07:03.215077 INFO [daemon] Starting core rpc server on address 127.0.0.1:30159
2018-Oct-06 02:07:03.215339 INFO [daemon] Core rpc server started ok
2018-Oct-06 02:07:03.215521 INFO [daemon] Starting p2p net loop...
2018-Oct-06 02:07:03.215800 INFO [node_server] Starting node_server
2018-Oct-06 02:07:03.216069 INFO [node_server]   acceptLoop started...
2018-Oct-06 02:07:03.216418 INFO [node_server]   onIdle started...
2018-Oct-06 02:07:03.216754 INFO [node_server]   timedSyncLoop started...
2018-Oct-06 02:07:03.216979 INFO [node_server]   timeoutLoop started...
2018-Oct-06 02:07:03.490890 INFO [protocol] [34.228.30.249:30158 OUT] Sync data returned unknown top block: 46151 -> 46199 [48 blocks (0 days) behind] 
2018-Oct-06 02:07:03.490890 INFO [protocol] SYNCHRONIZATION started
2018-Oct-06 02:07:04.387876 INFO [protocol] [35.154.79.106:30158 OUT] Sync data returned unknown top block: 46168 -> 46199 [31 blocks (0 days) behind] 
2018-Oct-06 02:07:04.387876 INFO [protocol] SYNCHRONIZATION started
2018-Oct-06 02:07:04.916552 INFO [protocol] [34.235.55.80:30158 OUT] Sync data returned unknown top block: 46186 -> 46199 [13 blocks (0 days) behind] 
2018-Oct-06 02:07:04.916552 INFO [protocol] SYNCHRONIZATION started
2018-Oct-06 02:07:05.206450 INFO [protocol] [34.235.55.80:30158 OUT] SYNCHRONIZED OK
2018-Oct-06 02:07:05.206703 INFO [protocol] 
2018-Oct-06 02:07:05.206703 INFO [protocol] **********************************************************************
2018-Oct-06 02:07:05.206703 INFO [protocol] You are now synchronized with the network. You may now start simplewallet.
2018-Oct-06 02:07:05.206703 INFO [protocol] 
2018-Oct-06 02:07:05.206703 INFO [protocol] Please note, that the blockchain will be saved only after you quit the daemon with "exit" command or if you use "save" command.
2018-Oct-06 02:07:05.206703 INFO [protocol] Otherwise, you will possibly need to synchronize the blockchain again.
2018-Oct-06 02:07:05.206703 INFO [protocol] 
2018-Oct-06 02:07:05.206703 INFO [protocol] Use "help" command to see the list of available commands.
2018-Oct-06 02:07:05.206703 INFO [protocol] **********************************************************************
2018-Oct-06 02:07:05.208698 INFO [protocol] [34.228.30.249:30158 OUT] SYNCHRONIZED OK
2018-Oct-06 02:07:22.569273 WARNING [HttpServer] Connection error: Height is ZERO: 0, current blockchain height = 46201
2018-Oct-06 02:07:55.990738 INFO [core] 
2018-Oct-06 02:07:55.990738 INFO [core] **********************************************************************
2018-Oct-06 02:07:55.990738 INFO [core] The daemon will start synchronizing with the network. It may take up to several hours.
2018-Oct-06 02:07:55.990738 INFO [core] 
2018-Oct-06 02:07:55.990738 INFO [core] You can set the level of process detailization* through "set_log <level>" command*, where <level> is between 0 (no details) and 4 (very verbose).
2018-Oct-06 02:07:55.990738 INFO [core] 
2018-Oct-06 02:07:55.990738 INFO [core] Use "help" command to see the list of available commands.
2018-Oct-06 02:07:55.990738 INFO [core] 
2018-Oct-06 02:07:55.990738 INFO [core] Note: in case you need to interrupt the process, use "exit" command. Otherwise, the current progress won't be saved.
2018-Oct-06 02:07:55.990738 INFO [core] **********************************************************************
2018-Oct-06 02:07:58.503760 WARNING [HttpServer] Connection error: Height is ZERO: 0, current blockchain height = 46202
2018-Oct-06 02:08:10.137184 WARNING [HttpServer] Connection error: Height is ZERO: 0, current blockchain height = 46203
2018-Oct-06 02:29:42.383970 WARNING [HttpServer] Connection error: Failed to parse hex representation of block hash. Hex = .
2018-Oct-06 02:29:45.576588 WARNING [HttpServer] Connection error: Failed to parse hex representation of block hash. Hex = .
2018-Oct-06 02:30:30.937820 WARNING [HttpServer] Connection error: Failed to parse hex representation of block hash. Hex = .
2018-Oct-06 02:35:50.847721 WARNING [HttpServer] Connection error: Height is ZERO: 0, current blockchain height = 46253
2018-Oct-06 02:37:07.703839 WARNING [HttpServer] Connection error: Height is ZERO: 0, current blockchain height = 46256
2018-Oct-06 02:37:37.759761 WARNING [HttpServer] Connection error: Height is ZERO: 0, current blockchain height = 46256
2018-Oct-06 02:45:35.039472 WARNING [HttpServer] Connection error: Failed to parse wallet address
2018-Oct-06 03:07:20.466386 WARNING [HttpServer] Connection error: Height: 51
2018-Oct-06 03:07:39.413730 WARNING [HttpServer] Connection error: Height: 52
2018-Oct-06 03:08:53.055349 WARNING [HttpServer] Connection error: Height: 52
2018-Oct-06 03:27:34.911096 INFO [node_server] Stop signal sent
2018-Oct-06 03:27:34.911118 INFO [node_server] Stopping NodeServer and it's8 connections...
2018-Oct-06 03:27:34.912020 INFO [node_server] NodeServer loop stopped
2018-Oct-06 03:27:34.912064 INFO [daemon] p2p net loop stopped
2018-Oct-06 03:27:34.912116 INFO [daemon] Stopping core rpc server...
2018-Oct-06 03:27:34.912163 INFO [daemon] Deinitializing core...
2018-Oct-06 03:27:34.912195 INFO [miner] Mining has been stopped, 0 finished
2018-Oct-06 03:27:34.912352 INFO [Blockchain] Saving blockchain...
2018-Oct-06 03:27:34.912715 INFO [BlockCacheSerializer] - saving block index...
2018-Oct-06 03:27:34.915758 INFO [BlockCacheSerializer] - saving transaction map...
2018-Oct-06 03:27:34.922843 INFO [BlockCacheSerializer] - saving spent keys...
2018-Oct-06 03:27:34.931628 INFO [BlockCacheSerializer] - saving outputs...
2018-Oct-06 03:27:34.941620 INFO [BlockCacheSerializer] - saving multi-signature outputs...
2018-Oct-06 03:27:34.941738 INFO [BlockCacheSerializer] Serialization time: 29ms
2018-Oct-06 03:27:34.947935 INFO [Blockchain] Saving blockchain indices...
2018-Oct-06 03:27:34.950917 INFO [BlockchainIndicesSerializer] - saving paymentID index...
2018-Oct-06 03:27:34.950970 INFO [BlockchainIndicesSerializer] - saving timestamp index...
2018-Oct-06 03:27:34.972492 INFO [BlockchainIndicesSerializer] - saving generated transactions index...
2018-Oct-06 03:27:34.978907 INFO [daemon] Deinitializing p2p...
2018-Oct-06 03:27:34.983588 INFO [miner] Mining has been stopped, 0 finished
2018-Oct-06 03:27:34.996908 INFO [daemon] Node stopped.
2018-Oct-06 03:51:49.515892 INFO [daemon] fedoragold v1.1.1.1()
2018-Oct-06 03:51:49.516009 INFO [daemon] Module folder: ./fedoragold_daemon
2018-Oct-06 03:51:49.516667 INFO [daemon] Initializing p2p server...
2018-Oct-06 03:51:49.520027 INFO [node_server] Binding on 0.0.0.0:30158
2018-Oct-06 03:51:49.520119 INFO [node_server] Net service binded on 0.0.0.0:30158
2018-Oct-06 03:51:49.520156 INFO [node_server] Attempting to add IGD port mapping.
2018-Oct-06 03:51:53.531642 INFO [node_server] No IGD was found.
2018-Oct-06 03:51:53.532140 INFO [daemon] P2p server initialized OK
2018-Oct-06 03:51:53.532211 INFO [daemon] Initializing core...
2018-Oct-06 03:51:53.541703 INFO [Blockchain] Loading blockchain...
2018-Oct-06 03:51:53.542788 INFO [BlockCacheSerializer] - loading block index...
2018-Oct-06 03:51:53.555124 INFO [BlockCacheSerializer] - loading transaction map...
2018-Oct-06 03:51:53.569284 INFO [BlockCacheSerializer] - loading spent keys...
2018-Oct-06 03:51:53.606003 INFO [BlockCacheSerializer] - loading outputs...
2018-Oct-06 03:51:53.658869 INFO [BlockCacheSerializer] - loading multi-signature outputs...
2018-Oct-06 03:51:53.658972 INFO [BlockCacheSerializer] Serialization time: 116ms
2018-Oct-06 03:51:53.659020 INFO [Blockchain] Loading blockchain indices for BlockchainExplorer...
2018-Oct-06 03:51:53.659736 INFO [BlockchainIndicesSerializer] - loading paymentID index...
2018-Oct-06 03:51:53.659827 INFO [BlockchainIndicesSerializer] - loading timestamp index...
2018-Oct-06 03:51:53.678594 INFO [BlockchainIndicesSerializer] - loading generated transactions index...
2018-Oct-06 03:51:53.690618 INFO [Blockchain] Blockchain initialized. last block: 46374, d0.h0.m25.s35 time ago, current difficulty: 371867086
2018-Oct-06 03:51:53.690724 INFO [daemon] Core initialized OK
2018-Oct-06 03:51:53.690936 INFO [daemon] Starting core rpc server on address 127.0.0.1:30159
2018-Oct-06 03:51:53.691105 INFO [daemon] Core rpc server started ok
2018-Oct-06 03:51:53.691197 INFO [daemon] Starting p2p net loop...
2018-Oct-06 03:51:53.691236 INFO [node_server] Starting node_server
2018-Oct-06 03:51:53.691438 INFO [node_server]   acceptLoop started...
2018-Oct-06 03:51:53.691603 INFO [node_server]   onIdle started...
2018-Oct-06 03:51:53.691731 INFO [node_server]   timedSyncLoop started...
2018-Oct-06 03:51:53.691868 INFO [node_server]   timeoutLoop started...
2018-Oct-06 03:51:53.939729 INFO [protocol] [18.223.178.174:30158 OUT] Sync data returned unknown top block: 46374 -> 46420 [46 blocks (0 days) behind] 
2018-Oct-06 03:51:53.939729 INFO [protocol] SYNCHRONIZATION started
2018-Oct-06 03:51:54.189857 INFO [protocol] [34.235.55.80:30158 OUT] Sync data returned unknown top block: 46374 -> 46420 [46 blocks (0 days) behind] 
2018-Oct-06 03:51:54.189857 INFO [protocol] SYNCHRONIZATION started
2018-Oct-06 03:51:54.699787 INFO [protocol] [47.75.139.214:30158 OUT] Sync data returned unknown top block: 46382 -> 46421 [39 blocks (0 days) behind] 
2018-Oct-06 03:51:54.699787 INFO [protocol] SYNCHRONIZATION started
2018-Oct-06 03:51:55.241810 INFO [protocol] [18.223.180.74:30158 OUT] Sync data returned unknown top block: 46404 -> 46421 [17 blocks (0 days) behind] 
2018-Oct-06 03:51:55.241810 INFO [protocol] SYNCHRONIZATION started
2018-Oct-06 03:51:55.870176 INFO [protocol] [18.223.178.174:30158 OUT] SYNCHRONIZED OK
2018-Oct-06 03:51:55.870261 INFO [protocol] 
2018-Oct-06 03:51:55.870261 INFO [protocol] **********************************************************************
2018-Oct-06 03:51:55.870261 INFO [protocol] You are now synchronized with the network. You may now start simplewallet.
2018-Oct-06 03:51:55.870261 INFO [protocol] 
2018-Oct-06 03:51:55.870261 INFO [protocol] Please note, that the blockchain will be saved only after you quit the daemon with "exit" command or if you use "save" command.
2018-Oct-06 03:51:55.870261 INFO [protocol] Otherwise, you will possibly need to synchronize the blockchain again.
2018-Oct-06 03:51:55.870261 INFO [protocol] 
2018-Oct-06 03:51:55.870261 INFO [protocol] Use "help" command to see the list of available commands.
2018-Oct-06 03:51:55.870261 INFO [protocol] **********************************************************************
2018-Oct-06 03:52:40.745884 INFO [core] 
2018-Oct-06 03:52:40.745884 INFO [core] **********************************************************************
2018-Oct-06 03:52:40.745884 INFO [core] The daemon will start synchronizing with the network. It may take up to several hours.
2018-Oct-06 03:52:40.745884 INFO [core] 
2018-Oct-06 03:52:40.745884 INFO [core] You can set the level of process detailization* through "set_log <level>" command*, where <level> is between 0 (no details) and 4 (very verbose).
2018-Oct-06 03:52:40.745884 INFO [core] 
2018-Oct-06 03:52:40.745884 INFO [core] Use "help" command to see the list of available commands.
2018-Oct-06 03:52:40.745884 INFO [core] 
2018-Oct-06 03:52:40.745884 INFO [core] Note: in case you need to interrupt the process, use "exit" command. Otherwise, the current progress won't be saved.
2018-Oct-06 03:52:40.745884 INFO [core] **********************************************************************
2018-Oct-06 04:33:51.732994 INFO [node_server] Stop signal sent
2018-Oct-06 04:33:51.733129 INFO [node_server] Stopping NodeServer and it's8 connections...
2018-Oct-06 04:33:51.733976 INFO [node_server] NodeServer loop stopped
2018-Oct-06 04:33:51.734029 INFO [daemon] p2p net loop stopped
2018-Oct-06 04:33:51.734058 INFO [daemon] Stopping core rpc server...
2018-Oct-06 04:33:51.734100 INFO [daemon] Deinitializing core...
2018-Oct-06 04:33:51.734128 INFO [miner] Mining has been stopped, 0 finished
2018-Oct-06 04:33:51.734290 INFO [Blockchain] Saving blockchain...
2018-Oct-06 04:33:51.735144 INFO [BlockCacheSerializer] - saving block index...
2018-Oct-06 04:33:51.738168 INFO [BlockCacheSerializer] - saving transaction map...
2018-Oct-06 04:33:51.745668 INFO [BlockCacheSerializer] - saving spent keys...
2018-Oct-06 04:33:51.755600 INFO [BlockCacheSerializer] - saving outputs...
2018-Oct-06 04:33:51.765098 INFO [BlockCacheSerializer] - saving multi-signature outputs...
2018-Oct-06 04:33:51.765194 INFO [BlockCacheSerializer] Serialization time: 30ms
2018-Oct-06 04:33:51.772898 INFO [Blockchain] Saving blockchain indices...
2018-Oct-06 04:33:51.773316 INFO [BlockchainIndicesSerializer] - saving paymentID index...
2018-Oct-06 04:33:51.773421 INFO [BlockchainIndicesSerializer] - saving timestamp index...
2018-Oct-06 04:33:51.789371 INFO [BlockchainIndicesSerializer] - saving generated transactions index...
2018-Oct-06 04:33:51.797953 INFO [daemon] Deinitializing p2p...
2018-Oct-06 04:33:51.798894 INFO [miner] Mining has been stopped, 0 finished
2018-Oct-06 04:33:51.808757 INFO [daemon] Node stopped.
2018-Oct-06 05:16:53.665962 INFO [daemon] fedoragold v1.1.1.1()
2018-Oct-06 05:16:53.666110 INFO [daemon] Module folder: ./fedoragold_daemon
2018-Oct-06 05:16:53.667064 INFO [daemon] Initializing p2p server...
2018-Oct-06 05:16:53.672809 INFO [node_server] Binding on 0.0.0.0:30158
2018-Oct-06 05:16:53.673030 INFO [node_server] Net service binded on 0.0.0.0:30158
2018-Oct-06 05:16:53.673268 INFO [node_server] Attempting to add IGD port mapping.
2018-Oct-06 05:16:57.678260 INFO [node_server] No IGD was found.
2018-Oct-06 05:16:57.678376 INFO [daemon] P2p server initialized OK
2018-Oct-06 05:16:57.678405 INFO [daemon] Initializing core...
2018-Oct-06 05:16:57.684417 INFO [Blockchain] Loading blockchain...
2018-Oct-06 05:16:57.685487 INFO [BlockCacheSerializer] - loading block index...
2018-Oct-06 05:16:57.700483 INFO [BlockCacheSerializer] - loading transaction map...
2018-Oct-06 05:16:57.715171 INFO [BlockCacheSerializer] - loading spent keys...
2018-Oct-06 05:16:57.753246 INFO [BlockCacheSerializer] - loading outputs...
2018-Oct-06 05:16:57.803238 INFO [BlockCacheSerializer] - loading multi-signature outputs...
2018-Oct-06 05:16:57.803341 INFO [BlockCacheSerializer] Serialization time: 118ms
2018-Oct-06 05:16:57.803409 INFO [Blockchain] Loading blockchain indices for BlockchainExplorer...
2018-Oct-06 05:16:57.804149 INFO [BlockchainIndicesSerializer] - loading paymentID index...
2018-Oct-06 05:16:57.804223 INFO [BlockchainIndicesSerializer] - loading timestamp index...
2018-Oct-06 05:16:57.821536 INFO [BlockchainIndicesSerializer] - loading generated transactions index...
2018-Oct-06 05:16:57.833056 INFO [Blockchain] Blockchain initialized. last block: 46484, d0.h0.m48.s14 time ago, current difficulty: 133892709
2018-Oct-06 05:16:57.833324 INFO [daemon] Core initialized OK
2018-Oct-06 05:16:57.833456 INFO [daemon] Starting core rpc server on address 127.0.0.1:30159
2018-Oct-06 05:16:57.833782 INFO [daemon] Core rpc server started ok
2018-Oct-06 05:16:57.833925 INFO [daemon] Starting p2p net loop...
2018-Oct-06 05:16:57.834117 INFO [node_server] Starting node_server
2018-Oct-06 05:16:57.834166 INFO [node_server]   acceptLoop started...
2018-Oct-06 05:16:57.834308 INFO [node_server]   onIdle started...
2018-Oct-06 05:16:57.834538 INFO [node_server]   timedSyncLoop started...
2018-Oct-06 05:16:57.834596 INFO [node_server]   timeoutLoop started...
2018-Oct-06 05:16:58.337135 INFO [protocol] [3.120.206.107:30158 OUT] Sync data returned unknown top block: 46484 -> 46583 [99 blocks (0 days) behind] 
2018-Oct-06 05:16:58.337135 INFO [protocol] SYNCHRONIZATION started
2018-Oct-06 05:16:58.487055 INFO [protocol] [54.212.113.134:30158 OUT] Sync data returned unknown top block: 46484 -> 46583 [99 blocks (0 days) behind] 
2018-Oct-06 05:16:58.487055 INFO [protocol] SYNCHRONIZATION started
2018-Oct-06 05:16:59.011883 INFO [protocol] [213.32.95.66:30158 OUT] Sync data returned unknown top block: 46493 -> 46583 [90 blocks (0 days) behind] 
2018-Oct-06 05:16:59.011883 INFO [protocol] SYNCHRONIZATION started
2018-Oct-06 05:16:59.494373 INFO [protocol] [18.223.178.174:30158 OUT] Sync data returned unknown top block: 46516 -> 46583 [67 blocks (0 days) behind] 
2018-Oct-06 05:16:59.494373 INFO [protocol] SYNCHRONIZATION started
2018-Oct-06 05:17:00.552571 INFO [protocol] [35.154.79.106:30158 OUT] Sync data returned unknown top block: 46563 -> 46583 [20 blocks (0 days) behind] 
2018-Oct-06 05:17:00.552571 INFO [protocol] SYNCHRONIZATION started
2018-Oct-06 05:17:01.138588 INFO [protocol] [35.154.79.106:30158 OUT] SYNCHRONIZED OK
2018-Oct-06 05:17:01.138653 INFO [protocol] 
2018-Oct-06 05:17:01.138653 INFO [protocol] **********************************************************************
2018-Oct-06 05:17:01.138653 INFO [protocol] You are now synchronized with the network. You may now start simplewallet.
2018-Oct-06 05:17:01.138653 INFO [protocol] 
2018-Oct-06 05:17:01.138653 INFO [protocol] Please note, that the blockchain will be saved only after you quit the daemon with "exit" command or if you use "save" command.
2018-Oct-06 05:17:01.138653 INFO [protocol] Otherwise, you will possibly need to synchronize the blockchain again.
2018-Oct-06 05:17:01.138653 INFO [protocol] 
2018-Oct-06 05:17:01.138653 INFO [protocol] Use "help" command to see the list of available commands.
2018-Oct-06 05:17:01.138653 INFO [protocol] **********************************************************************
2018-Oct-06 05:17:01.139239 INFO [protocol] [54.212.113.134:30158 OUT] SYNCHRONIZED OK
2018-Oct-06 05:18:16.388437 INFO [core] 
2018-Oct-06 05:18:16.388437 INFO [core] **********************************************************************
2018-Oct-06 05:18:16.388437 INFO [core] The daemon will start synchronizing with the network. It may take up to several hours.
2018-Oct-06 05:18:16.388437 INFO [core] 
2018-Oct-06 05:18:16.388437 INFO [core] You can set the level of process detailization* through "set_log <level>" command*, where <level> is between 0 (no details) and 4 (very verbose).
2018-Oct-06 05:18:16.388437 INFO [core] 
2018-Oct-06 05:18:16.388437 INFO [core] Use "help" command to see the list of available commands.
2018-Oct-06 05:18:16.388437 INFO [core] 
2018-Oct-06 05:18:16.388437 INFO [core] Note: in case you need to interrupt the process, use "exit" command. Otherwise, the current progress won't be saved.
2018-Oct-06 05:18:16.388437 INFO [core] **********************************************************************
2018-Oct-06 05:34:38.160633 INFO [node_server] Stop signal sent
2018-Oct-06 05:34:38.160737 INFO [node_server] Stopping NodeServer and it's8 connections...
2018-Oct-06 05:34:38.161442 INFO [node_server] NodeServer loop stopped
2018-Oct-06 05:34:38.161535 INFO [daemon] p2p net loop stopped
2018-Oct-06 05:34:38.161573 INFO [daemon] Stopping core rpc server...
2018-Oct-06 05:34:38.161617 INFO [daemon] Deinitializing core...
2018-Oct-06 05:34:38.161647 INFO [miner] Mining has been stopped, 0 finished
2018-Oct-06 05:34:38.161881 INFO [Blockchain] Saving blockchain...
2018-Oct-06 05:34:38.162901 INFO [BlockCacheSerializer] - saving block index...
2018-Oct-06 05:34:38.165944 INFO [BlockCacheSerializer] - saving transaction map...
2018-Oct-06 05:34:38.172851 INFO [BlockCacheSerializer] - saving spent keys...
2018-Oct-06 05:34:38.181555 INFO [BlockCacheSerializer] - saving outputs...
2018-Oct-06 05:34:38.191199 INFO [BlockCacheSerializer] - saving multi-signature outputs...
2018-Oct-06 05:34:38.191258 INFO [BlockCacheSerializer] Serialization time: 28ms
2018-Oct-06 05:34:38.194370 INFO [Blockchain] Saving blockchain indices...
2018-Oct-06 05:34:38.197406 INFO [BlockchainIndicesSerializer] - saving paymentID index...
2018-Oct-06 05:34:38.197522 INFO [BlockchainIndicesSerializer] - saving timestamp index...
2018-Oct-06 05:34:38.217470 INFO [BlockchainIndicesSerializer] - saving generated transactions index...
2018-Oct-06 05:34:38.226761 INFO [daemon] Deinitializing p2p...
2018-Oct-06 05:34:38.228578 INFO [miner] Mining has been stopped, 0 finished
2018-Oct-06 05:34:38.240409 INFO [daemon] Node stopped.
2018-Oct-06 05:35:08.560666 INFO [daemon] fedoragold v1.1.1.1()
2018-Oct-06 05:35:08.560832 INFO [daemon] Module folder: ./fedoragold_daemon
2018-Oct-06 05:35:08.561427 INFO [daemon] Initializing p2p server...
2018-Oct-06 05:35:08.561609 INFO [node_server] Binding on 0.0.0.0:30158
2018-Oct-06 05:35:08.561673 INFO [node_server] Net service binded on 0.0.0.0:30158
2018-Oct-06 05:35:08.561754 INFO [node_server] Attempting to add IGD port mapping.
2018-Oct-06 05:35:12.574003 INFO [node_server] No IGD was found.
2018-Oct-06 05:35:12.574137 INFO [daemon] P2p server initialized OK
2018-Oct-06 05:35:12.574210 INFO [daemon] Initializing core...
2018-Oct-06 05:35:12.575717 INFO [Blockchain] Loading blockchain...
2018-Oct-06 05:35:12.575844 INFO [BlockCacheSerializer] - loading block index...
2018-Oct-06 05:35:12.585093 INFO [BlockCacheSerializer] - loading transaction map...
2018-Oct-06 05:35:12.597059 INFO [BlockCacheSerializer] - loading spent keys...
2018-Oct-06 05:35:12.625550 INFO [BlockCacheSerializer] - loading outputs...
2018-Oct-06 05:35:12.666068 INFO [BlockCacheSerializer] - loading multi-signature outputs...
2018-Oct-06 05:35:12.666197 INFO [BlockCacheSerializer] Serialization time: 90ms
2018-Oct-06 05:35:12.666247 INFO [Blockchain] Loading blockchain indices for BlockchainExplorer...
2018-Oct-06 05:35:12.666332 INFO [BlockchainIndicesSerializer] - loading paymentID index...
2018-Oct-06 05:35:12.666375 INFO [BlockchainIndicesSerializer] - loading timestamp index...
2018-Oct-06 05:35:12.681421 INFO [BlockchainIndicesSerializer] - loading generated transactions index...
2018-Oct-06 05:35:12.693049 INFO [Blockchain] Blockchain initialized. last block: 46607, d0.h0.m2.s23 time ago, current difficulty: 84157180
2018-Oct-06 05:35:12.693180 INFO [daemon] Core initialized OK
2018-Oct-06 05:35:12.693359 INFO [daemon] Starting core rpc server on address 127.0.0.1:30159
2018-Oct-06 05:35:12.693493 INFO [daemon] Core rpc server started ok
2018-Oct-06 05:35:12.693566 INFO [daemon] Starting p2p net loop...
2018-Oct-06 05:35:12.693606 INFO [node_server] Starting node_server
2018-Oct-06 05:35:12.693717 INFO [node_server]   acceptLoop started...
2018-Oct-06 05:35:12.693812 INFO [node_server]   onIdle started...
2018-Oct-06 05:35:12.693876 INFO [node_server]   timedSyncLoop started...
2018-Oct-06 05:35:12.693936 INFO [node_server]   timeoutLoop started...
2018-Oct-06 05:35:13.337226 INFO [protocol] [78.13.44.252:30158 OUT] Sync data returned unknown top block: 46607 -> 46609 [2 blocks (0 days) behind] 
2018-Oct-06 05:35:13.337226 INFO [protocol] SYNCHRONIZATION started
2018-Oct-06 05:35:13.602523 INFO [protocol] [13.58.255.243:30158 OUT] Sync data returned unknown top block: 46607 -> 46609 [2 blocks (0 days) behind] 
2018-Oct-06 05:35:13.602523 INFO [protocol] SYNCHRONIZATION started
2018-Oct-06 05:35:13.887042 INFO [protocol] [18.219.230.38:30158 OUT] Sync data returned unknown top block: 46607 -> 46609 [2 blocks (0 days) behind] 
2018-Oct-06 05:35:13.887042 INFO [protocol] SYNCHRONIZATION started
2018-Oct-06 05:35:14.070077 INFO [protocol] [13.58.255.243:30158 OUT] SYNCHRONIZED OK
2018-Oct-06 05:35:14.070159 INFO [protocol] 
2018-Oct-06 05:35:14.070159 INFO [protocol] **********************************************************************
2018-Oct-06 05:35:14.070159 INFO [protocol] You are now synchronized with the network. You may now start simplewallet.
2018-Oct-06 05:35:14.070159 INFO [protocol] 
2018-Oct-06 05:35:14.070159 INFO [protocol] Please note, that the blockchain will be saved only after you quit the daemon with "exit" command or if you use "save" command.
2018-Oct-06 05:35:14.070159 INFO [protocol] Otherwise, you will possibly need to synchronize the blockchain again.
2018-Oct-06 05:35:14.070159 INFO [protocol] 
2018-Oct-06 05:35:14.070159 INFO [protocol] Use "help" command to see the list of available commands.
2018-Oct-06 05:35:14.070159 INFO [protocol] **********************************************************************
2018-Oct-06 05:35:14.086889 INFO [protocol] [18.219.230.38:30158 OUT] SYNCHRONIZED OK
2018-Oct-06 05:35:55.338195 INFO [core] 
2018-Oct-06 05:35:55.338195 INFO [core] **********************************************************************
2018-Oct-06 05:35:55.338195 INFO [core] The daemon will start synchronizing with the network. It may take up to several hours.
2018-Oct-06 05:35:55.338195 INFO [core] 
2018-Oct-06 05:35:55.338195 INFO [core] You can set the level of process detailization* through "set_log <level>" command*, where <level> is between 0 (no details) and 4 (very verbose).
2018-Oct-06 05:35:55.338195 INFO [core] 
2018-Oct-06 05:35:55.338195 INFO [core] Use "help" command to see the list of available commands.
2018-Oct-06 05:35:55.338195 INFO [core] 
2018-Oct-06 05:35:55.338195 INFO [core] Note: in case you need to interrupt the process, use "exit" command. Otherwise, the current progress won't be saved.
2018-Oct-06 05:35:55.338195 INFO [core] **********************************************************************
2018-Oct-06 05:38:12.229988 INFO [Blockchain] ----- BLOCK ADDED AS ALTERNATIVE ON HEIGHT 46622
2018-Oct-06 05:38:12.229988 INFO [Blockchain] id:	<bb9ca3d71f0672ffcdbe4a42a605bdef37a61a9f489e8e7e2cf1997e72880b57>
2018-Oct-06 05:38:12.229988 INFO [Blockchain] PoW:	<15f9be2f26089bd9c8c980fc36b86728341e7e53d2e0dcb1052fd1e855000000>
2018-Oct-06 05:38:12.229988 INFO [Blockchain] difficulty:	46776003
2018-Oct-06 05:38:20.678165 INFO [Blockchain] ###### REORGANIZE on height: 46622 of 46622 with cum_difficulty 932307435926
2018-Oct-06 05:38:20.678165 INFO [Blockchain]  alternative blockchain size: 2 with cum_difficulty 932370415424
2018-Oct-06 05:38:20.748565 INFO [Blockchain] ----- BLOCK ADDED AS ALTERNATIVE ON HEIGHT 46622
2018-Oct-06 05:38:20.748565 INFO [Blockchain] id:	<066f1510bb4e7ed0a4c682b9b4a3202815d1eaaa44c30a787a64aec048e2f5fb>
2018-Oct-06 05:38:20.748565 INFO [Blockchain] PoW:	<3dc827c1f0432860845c5ebb98d84b21c2bc170b7c729c98e16d065111000000>
2018-Oct-06 05:38:20.748565 INFO [Blockchain] difficulty:	46776003
2018-Oct-06 05:38:20.748903 INFO [Blockchain] REORGANIZE SUCCESS! on height: 46622, new blockchain size: 46624
2018-Oct-06 05:46:17.541900 INFO [node_server] Stop signal sent
2018-Oct-06 05:46:17.541929 INFO [node_server] Stopping NodeServer and it's8 connections...
2018-Oct-06 05:46:17.543511 INFO [node_server] NodeServer loop stopped
2018-Oct-06 05:46:17.543705 INFO [daemon] p2p net loop stopped
2018-Oct-06 05:46:17.543747 INFO [daemon] Stopping core rpc server...
2018-Oct-06 05:46:17.543971 INFO [daemon] Deinitializing core...
2018-Oct-06 05:46:17.544123 INFO [miner] Mining has been stopped, 0 finished
2018-Oct-06 05:46:17.544447 INFO [Blockchain] Saving blockchain...
2018-Oct-06 05:46:17.546258 INFO [BlockCacheSerializer] - saving block index...
2018-Oct-06 05:46:17.549247 INFO [BlockCacheSerializer] - saving transaction map...
2018-Oct-06 05:46:17.556476 INFO [BlockCacheSerializer] - saving spent keys...
2018-Oct-06 05:46:17.566502 INFO [BlockCacheSerializer] - saving outputs...
2018-Oct-06 05:46:17.575738 INFO [BlockCacheSerializer] - saving multi-signature outputs...
2018-Oct-06 05:46:17.575831 INFO [BlockCacheSerializer] Serialization time: 29ms
2018-Oct-06 05:46:17.581629 INFO [Blockchain] Saving blockchain indices...
2018-Oct-06 05:46:17.582001 INFO [BlockchainIndicesSerializer] - saving paymentID index...
2018-Oct-06 05:46:17.582084 INFO [BlockchainIndicesSerializer] - saving timestamp index...
2018-Oct-06 05:46:17.606380 INFO [BlockchainIndicesSerializer] - saving generated transactions index...
2018-Oct-06 05:46:17.612724 INFO [daemon] Deinitializing p2p...
2018-Oct-06 05:46:17.615017 INFO [miner] Mining has been stopped, 0 finished
2018-Oct-06 05:46:17.624924 INFO [daemon] Node stopped.
2018-Oct-06 06:13:47.303978 INFO [daemon] fedoragold v1.1.1.1()
2018-Oct-06 06:13:47.304128 INFO [daemon] Module folder: ./fedoragold_daemon
2018-Oct-06 06:13:47.304847 INFO [daemon] Initializing p2p server...
2018-Oct-06 06:13:47.305037 INFO [node_server] Binding on 0.0.0.0:30158
2018-Oct-06 06:13:47.305111 INFO [node_server] Net service binded on 0.0.0.0:30158
2018-Oct-06 06:13:47.305189 INFO [node_server] Attempting to add IGD port mapping.
2018-Oct-06 06:13:51.309925 INFO [node_server] No IGD was found.
2018-Oct-06 06:13:51.310037 INFO [daemon] P2p server initialized OK
2018-Oct-06 06:13:51.310076 INFO [daemon] Initializing core...
2018-Oct-06 06:13:51.312230 INFO [Blockchain] Loading blockchain...
2018-Oct-06 06:13:51.312340 INFO [BlockCacheSerializer] - loading block index...
2018-Oct-06 06:13:51.322166 INFO [BlockCacheSerializer] - loading transaction map...
2018-Oct-06 06:13:51.332818 INFO [BlockCacheSerializer] - loading spent keys...
2018-Oct-06 06:13:51.362221 INFO [BlockCacheSerializer] - loading outputs...
2018-Oct-06 06:13:51.402998 INFO [BlockCacheSerializer] - loading multi-signature outputs...
2018-Oct-06 06:13:51.403089 INFO [BlockCacheSerializer] Serialization time: 90ms
2018-Oct-06 06:13:51.403183 INFO [Blockchain] Loading blockchain indices for BlockchainExplorer...
2018-Oct-06 06:13:51.403520 INFO [BlockchainIndicesSerializer] - loading paymentID index...
2018-Oct-06 06:13:51.403748 INFO [BlockchainIndicesSerializer] - loading timestamp index...
2018-Oct-06 06:13:51.417637 INFO [BlockchainIndicesSerializer] - loading generated transactions index...
2018-Oct-06 06:13:51.426819 INFO [Blockchain] Blockchain initialized. last block: 46641, d0.h0.m27.s57 time ago, current difficulty: 246721088
2018-Oct-06 06:13:51.426947 INFO [daemon] Core initialized OK
2018-Oct-06 06:13:51.427250 INFO [daemon] Starting core rpc server on address 127.0.0.1:30159
2018-Oct-06 06:13:51.427344 INFO [daemon] Core rpc server started ok
2018-Oct-06 06:13:51.427449 INFO [daemon] Starting p2p net loop...
2018-Oct-06 06:13:51.427626 INFO [node_server] Starting node_server
2018-Oct-06 06:13:51.427671 INFO [node_server]   acceptLoop started...
2018-Oct-06 06:13:51.427709 INFO [node_server]   onIdle started...
2018-Oct-06 06:13:51.427852 INFO [node_server]   timedSyncLoop started...
2018-Oct-06 06:13:51.427904 INFO [node_server]   timeoutLoop started...
2018-Oct-06 06:13:51.599619 INFO [protocol] [35.225.160.150:30158 OUT] Sync data returned unknown top block: 46641 -> 46699 [58 blocks (0 days) behind] 
2018-Oct-06 06:13:51.599619 INFO [protocol] SYNCHRONIZATION started
2018-Oct-06 06:13:52.699588 INFO [protocol] [13.58.255.243:30158 OUT] Sync data returned unknown top block: 46681 -> 46699 [18 blocks (0 days) behind] 
2018-Oct-06 06:13:52.699588 INFO [protocol] SYNCHRONIZATION started
2018-Oct-06 06:13:53.104820 INFO [protocol] 
2018-Oct-06 06:13:53.104820 INFO [protocol] **********************************************************************
2018-Oct-06 06:13:53.104820 INFO [protocol] You are now synchronized with the network. You may now start simplewallet.
2018-Oct-06 06:13:53.104820 INFO [protocol] 
2018-Oct-06 06:13:53.104820 INFO [protocol] Please note, that the blockchain will be saved only after you quit the daemon with "exit" command or if you use "save" command.
2018-Oct-06 06:13:53.104820 INFO [protocol] Otherwise, you will possibly need to synchronize the blockchain again.
2018-Oct-06 06:13:53.104820 INFO [protocol] 
2018-Oct-06 06:13:53.104820 INFO [protocol] Use "help" command to see the list of available commands.
2018-Oct-06 06:13:53.104820 INFO [protocol] **********************************************************************
2018-Oct-06 06:13:53.105484 INFO [protocol] [35.225.160.150:30158 OUT] SYNCHRONIZED OK
2018-Oct-06 06:14:33.977192 INFO [core] 
2018-Oct-06 06:14:33.977192 INFO [core] **********************************************************************
2018-Oct-06 06:14:33.977192 INFO [core] The daemon will start synchronizing with the network. It may take up to several hours.
2018-Oct-06 06:14:33.977192 INFO [core] 
2018-Oct-06 06:14:33.977192 INFO [core] You can set the level of process detailization* through "set_log <level>" command*, where <level> is between 0 (no details) and 4 (very verbose).
2018-Oct-06 06:14:33.977192 INFO [core] 
2018-Oct-06 06:14:33.977192 INFO [core] Use "help" command to see the list of available commands.
2018-Oct-06 06:14:33.977192 INFO [core] 
2018-Oct-06 06:14:33.977192 INFO [core] Note: in case you need to interrupt the process, use "exit" command. Otherwise, the current progress won't be saved.
2018-Oct-06 06:14:33.977192 INFO [core] **********************************************************************
